<?xml version="1.0" encoding="UTF-8"?>
<!-- Generated by org.testng.reporters.JUnitXMLReporter -->
<testsuite hostname="LAPTOP-L2LB3A44" ignored="0" name="Surefire test" tests="6" failures="0" timestamp="2019-12-14T09:34:48 GMT+03:00" time="0.034" errors="0">
  <testcase name="Acase1" time="0.005" classname="qaclickacademy.AppiumTest"/>
  <testcase name="Acase2" time="0.001" classname="qaclickacademy.AppiumTest"/>
  <testcase name="restapi1" time="0.0" classname="qaclickacademy.RestAssuredTest"/>
  <testcase name="restapi2" time="0.0" classname="qaclickacademy.RestAssuredTest"/>
  <testcase name="scase1" time="0.0" classname="qaclickacademy.SeleniumTest"/>
  <testcase name="scase2" time="0.0" classname="qaclickacademy.SeleniumTest"/>
</testsuite> <!-- Surefire test -->
