<?xml version="1.0" encoding="UTF-8"?>
<testng-results skipped="0" failed="0" ignored="0" total="6" passed="6">
  <reporter-output>
  </reporter-output>
  <suite name="Suite" duration-ms="36" started-at="2019-12-14T13:08:39 GMT+03:00" finished-at="2019-12-14T13:08:39 GMT+03:00">
    <groups>
    </groups>
    <test name="Test" duration-ms="36" started-at="2019-12-14T13:08:39 GMT+03:00" finished-at="2019-12-14T13:08:39 GMT+03:00">
      <class name="qaclickacademy.AppiumTest">
        <test-method status="PASS" signature="Acase1()[pri:0, instance:qaclickacademy.AppiumTest@31dc339b]" name="Acase1" duration-ms="0" started-at="2019-12-14T13:08:39 GMT+03:00" finished-at="2019-12-14T13:08:39 GMT+03:00">
          <reporter-output>
          </reporter-output>
        </test-method> <!-- Acase1 -->
        <test-method status="PASS" signature="Acase2()[pri:0, instance:qaclickacademy.AppiumTest@31dc339b]" name="Acase2" duration-ms="0" started-at="2019-12-14T13:08:39 GMT+03:00" finished-at="2019-12-14T13:08:39 GMT+03:00">
          <reporter-output>
          </reporter-output>
        </test-method> <!-- Acase2 -->
      </class> <!-- qaclickacademy.AppiumTest -->
      <class name="qaclickacademy.RestAssuredTest">
        <test-method status="PASS" signature="restapi1()[pri:0, instance:qaclickacademy.RestAssuredTest@3c0f93f1]" name="restapi1" duration-ms="5" started-at="2019-12-14T13:08:39 GMT+03:00" finished-at="2019-12-14T13:08:39 GMT+03:00">
          <reporter-output>
          </reporter-output>
        </test-method> <!-- restapi1 -->
        <test-method status="PASS" signature="restapi2()[pri:0, instance:qaclickacademy.RestAssuredTest@3c0f93f1]" name="restapi2" duration-ms="0" started-at="2019-12-14T13:08:39 GMT+03:00" finished-at="2019-12-14T13:08:39 GMT+03:00">
          <reporter-output>
          </reporter-output>
        </test-method> <!-- restapi2 -->
      </class> <!-- qaclickacademy.RestAssuredTest -->
      <class name="qaclickacademy.SeleniumTest">
        <test-method status="PASS" signature="scase1()[pri:0, instance:qaclickacademy.SeleniumTest@544fe44c]" name="scase1" duration-ms="0" started-at="2019-12-14T13:08:39 GMT+03:00" finished-at="2019-12-14T13:08:39 GMT+03:00">
          <reporter-output>
          </reporter-output>
        </test-method> <!-- scase1 -->
        <test-method status="PASS" signature="scase2()[pri:0, instance:qaclickacademy.SeleniumTest@544fe44c]" name="scase2" duration-ms="0" started-at="2019-12-14T13:08:39 GMT+03:00" finished-at="2019-12-14T13:08:39 GMT+03:00">
          <reporter-output>
          </reporter-output>
        </test-method> <!-- scase2 -->
      </class> <!-- qaclickacademy.SeleniumTest -->
    </test> <!-- Test -->
  </suite> <!-- Suite -->
</testng-results>
